<?xml version="1.0" encoding="UTF-8"?>
<coverage generated="1783537138294" clover="3.2.0">
  <project timestamp="1783537138295" name="All files">
    <metrics statements="48" coveredstatements="48" conditionals="16" coveredconditionals="16" methods="10" coveredmethods="10" elements="74" coveredelements="74" complexity="0" loc="48" ncloc="48" packages="1" files="3" classes="3"/>
    <file name="dom.js" path="C:\Users\Натали\Desktop\нетлогия\AHJ-TESTING\src\js\dom.js">
      <metrics statements="28" coveredstatements="28" conditionals="6" coveredconditionals="6" methods="7" coveredmethods="7"/>
      <line num="5" count="7" type="stmt"/>
      <line num="6" count="21" type="stmt"/>
      <line num="7" count="21" type="stmt"/>
      <line num="8" count="21" type="stmt"/>
      <line num="10" count="21" type="stmt"/>
      <line num="11" count="21" type="stmt"/>
      <line num="12" count="21" type="stmt"/>
      <line num="13" count="21" type="stmt"/>
      <line num="15" count="21" type="stmt"/>
      <line num="16" count="21" type="stmt"/>
      <line num="21" count="6" type="stmt"/>
      <line num="22" count="18" type="stmt"/>
      <line num="23" count="18" type="stmt"/>
      <line num="28" count="6" type="stmt"/>
      <line num="30" count="6" type="cond" truecount="2" falsecount="0"/>
      <line num="31" count="1" type="stmt"/>
      <line num="32" count="1" type="stmt"/>
      <line num="33" count="1" type="stmt"/>
      <line num="36" count="5" type="stmt"/>
      <line num="37" count="5" type="cond" truecount="2" falsecount="0"/>
      <line num="40" count="5" type="stmt"/>
      <line num="48" count="7" type="stmt"/>
      <line num="50" count="7" type="stmt"/>
      <line num="51" count="6" type="stmt"/>
      <line num="53" count="6" type="stmt"/>
      <line num="54" count="6" type="stmt"/>
      <line num="56" count="6" type="stmt"/>
      <line num="57" count="6" type="stmt"/>
    </file>
    <file name="luhn.js" path="C:\Users\Натали\Desktop\нетлогия\AHJ-TESTING\src\js\luhn.js">
      <metrics statements="16" coveredstatements="16" conditionals="8" coveredconditionals="8" methods="1" coveredmethods="1"/>
      <line num="1" count="2" type="stmt"/>
      <line num="2" count="2" type="stmt"/>
      <line num="5" count="23" type="stmt"/>
      <line num="7" count="23" type="cond" truecount="4" falsecount="0"/>
      <line num="8" count="4" type="stmt"/>
      <line num="11" count="19" type="stmt"/>
      <line num="12" count="19" type="stmt"/>
      <line num="14" count="19" type="stmt"/>
      <line num="15" count="301" type="stmt"/>
      <line num="17" count="301" type="cond" truecount="2" falsecount="0"/>
      <line num="18" count="150" type="stmt"/>
      <line num="19" count="150" type="cond" truecount="2" falsecount="0"/>
      <line num="20" count="37" type="stmt"/>
      <line num="24" count="301" type="stmt"/>
      <line num="25" count="301" type="stmt"/>
      <line num="28" count="19" type="stmt"/>
    </file>
    <file name="paymentSystem.js" path="C:\Users\Натали\Desktop\нетлогия\AHJ-TESTING\src\js\paymentSystem.js">
      <metrics statements="4" coveredstatements="4" conditionals="2" coveredconditionals="2" methods="2" coveredmethods="2"/>
      <line num="1" count="2" type="stmt"/>
      <line num="15" count="19" type="stmt"/>
      <line num="16" count="83" type="stmt"/>
      <line num="18" count="19" type="cond" truecount="2" falsecount="0"/>
    </file>
  </project>
</coverage>
