{"C:\\Users\\Натали\\Desktop\\нетлогия\\AHJ-TESTING\\src\\js\\dom.js": {"path":"C:\\Users\\Натали\\Desktop\\нетлогия\\AHJ-TESTING\\src\\js\\dom.js","statementMap":{"0":{"start":{"line":5,"column":2},"end":{"line":17,"column":5}},"1":{"start":{"line":6,"column":17},"end":{"line":6,"column":45}},"2":{"start":{"line":7,"column":4},"end":{"line":7,"column":39}},"3":{"start":{"line":8,"column":4},"end":{"line":8,"column":33}},"4":{"start":{"line":10,"column":16},"end":{"line":10,"column":45}},"5":{"start":{"line":11,"column":4},"end":{"line":11,"column":18}},"6":{"start":{"line":12,"column":4},"end":{"line":12,"column":20}},"7":{"start":{"line":13,"column":4},"end":{"line":13,"column":22}},"8":{"start":{"line":15,"column":4},"end":{"line":15,"column":26}},"9":{"start":{"line":16,"column":4},"end":{"line":16,"column":32}},"10":{"start":{"line":21,"column":2},"end":{"line":24,"column":5}},"11":{"start":{"line":22,"column":4},"end":{"line":22,"column":85}},"12":{"start":{"line":23,"column":4},"end":{"line":23,"column":82}},"13":{"start":{"line":28,"column":17},"end":{"line":28,"column":46}},"14":{"start":{"line":30,"column":2},"end":{"line":34,"column":3}},"15":{"start":{"line":31,"column":4},"end":{"line":31,"column":35}},"16":{"start":{"line":32,"column":4},"end":{"line":32,"column":50}},"17":{"start":{"line":33,"column":4},"end":{"line":33,"column":11}},"18":{"start":{"line":36,"column":18},"end":{"line":36,"column":43}},"19":{"start":{"line":37,"column":2},"end":{"line":39,"column":35}},"20":{"start":{"line":40,"column":2},"end":{"line":42,"column":5}},"21":{"start":{"line":48,"column":2},"end":{"line":48,"column":37}},"22":{"start":{"line":50,"column":2},"end":{"line":58,"column":5}},"23":{"start":{"line":51,"column":4},"end":{"line":51,"column":27}},"24":{"start":{"line":53,"column":23},"end":{"line":53,"column":34}},"25":{"start":{"line":54,"column":19},"end":{"line":54,"column":47}},"26":{"start":{"line":56,"column":4},"end":{"line":56,"column":51}},"27":{"start":{"line":57,"column":4},"end":{"line":57,"column":37}}},"fnMap":{"0":{"name":"renderLogos","decl":{"start":{"line":4,"column":16},"end":{"line":4,"column":27}},"loc":{"start":{"line":4,"column":46},"end":{"line":18,"column":1}},"line":4},"1":{"name":"(anonymous_1)","decl":{"start":{"line":5,"column":16},"end":{"line":5,"column":17}},"loc":{"start":{"line":5,"column":44},"end":{"line":17,"column":3}},"line":5},"2":{"name":"highlightPaymentSystem","decl":{"start":{"line":20,"column":16},"end":{"line":20,"column":38}},"loc":{"start":{"line":20,"column":58},"end":{"line":25,"column":1}},"line":20},"3":{"name":"(anonymous_3)","decl":{"start":{"line":21,"column":57},"end":{"line":21,"column":58}},"loc":{"start":{"line":21,"column":67},"end":{"line":24,"column":3}},"line":21},"4":{"name":"renderResult","decl":{"start":{"line":27,"column":16},"end":{"line":27,"column":28}},"loc":{"start":{"line":27,"column":56},"end":{"line":43,"column":1}},"line":27},"5":{"name":"initValidator","decl":{"start":{"line":45,"column":16},"end":{"line":45,"column":29}},"loc":{"start":{"line":47,"column":3},"end":{"line":59,"column":1}},"line":47},"6":{"name":"(anonymous_6)","decl":{"start":{"line":50,"column":34},"end":{"line":50,"column":35}},"loc":{"start":{"line":50,"column":45},"end":{"line":58,"column":3}},"line":50}},"branchMap":{"0":{"loc":{"start":{"line":30,"column":2},"end":{"line":34,"column":3}},"type":"if","locations":[{"start":{"line":30,"column":2},"end":{"line":34,"column":3}},{"start":{},"end":{}}],"line":30},"1":{"loc":{"start":{"line":37,"column":30},"end":{"line":39,"column":34}},"type":"cond-expr","locations":[{"start":{"line":38,"column":6},"end":{"line":38,"column":32}},{"start":{"line":39,"column":6},"end":{"line":39,"column":34}}],"line":37},"2":{"loc":{"start":{"line":41,"column":4},"end":{"line":41,"column":71}},"type":"cond-expr","locations":[{"start":{"line":41,"column":14},"end":{"line":41,"column":40}},{"start":{"line":41,"column":43},"end":{"line":41,"column":71}}],"line":41}},"s":{"0":7,"1":21,"2":21,"3":21,"4":21,"5":21,"6":21,"7":21,"8":21,"9":21,"10":6,"11":18,"12":18,"13":6,"14":6,"15":1,"16":1,"17":1,"18":5,"19":5,"20":5,"21":7,"22":7,"23":6,"24":6,"25":6,"26":6,"27":6},"f":{"0":7,"1":21,"2":6,"3":18,"4":6,"5":7,"6":6},"b":{"0":[1,5],"1":[3,2],"2":[3,2]},"_coverageSchema":"1a1c01bbd47fc00a2c39e90264f33305004495a9","hash":"1bae7466b3b93debb490418310df1fcb455d261c"}
,"C:\\Users\\Натали\\Desktop\\нетлогия\\AHJ-TESTING\\src\\js\\luhn.js": {"path":"C:\\Users\\Натали\\Desktop\\нетлогия\\AHJ-TESTING\\src\\js\\luhn.js","statementMap":{"0":{"start":{"line":1,"column":24},"end":{"line":1,"column":26}},"1":{"start":{"line":2,"column":24},"end":{"line":2,"column":26}},"2":{"start":{"line":5,"column":17},"end":{"line":5,"column":54}},"3":{"start":{"line":7,"column":2},"end":{"line":9,"column":3}},"4":{"start":{"line":8,"column":4},"end":{"line":8,"column":17}},"5":{"start":{"line":11,"column":12},"end":{"line":11,"column":13}},"6":{"start":{"line":12,"column":21},"end":{"line":12,"column":26}},"7":{"start":{"line":14,"column":2},"end":{"line":26,"column":3}},"8":{"start":{"line":14,"column":15},"end":{"line":14,"column":32}},"9":{"start":{"line":15,"column":16},"end":{"line":15,"column":33}},"10":{"start":{"line":17,"column":4},"end":{"line":22,"column":5}},"11":{"start":{"line":18,"column":6},"end":{"line":18,"column":17}},"12":{"start":{"line":19,"column":6},"end":{"line":21,"column":7}},"13":{"start":{"line":20,"column":8},"end":{"line":20,"column":19}},"14":{"start":{"line":24,"column":4},"end":{"line":24,"column":17}},"15":{"start":{"line":25,"column":4},"end":{"line":25,"column":33}},"16":{"start":{"line":28,"column":2},"end":{"line":28,"column":24}}},"fnMap":{"0":{"name":"isValidCardNumber","decl":{"start":{"line":4,"column":16},"end":{"line":4,"column":33}},"loc":{"start":{"line":4,"column":46},"end":{"line":29,"column":1}},"line":4}},"branchMap":{"0":{"loc":{"start":{"line":7,"column":2},"end":{"line":9,"column":3}},"type":"if","locations":[{"start":{"line":7,"column":2},"end":{"line":9,"column":3}},{"start":{},"end":{}}],"line":7},"1":{"loc":{"start":{"line":7,"column":6},"end":{"line":7,"column":72}},"type":"binary-expr","locations":[{"start":{"line":7,"column":6},"end":{"line":7,"column":37}},{"start":{"line":7,"column":41},"end":{"line":7,"column":72}}],"line":7},"2":{"loc":{"start":{"line":17,"column":4},"end":{"line":22,"column":5}},"type":"if","locations":[{"start":{"line":17,"column":4},"end":{"line":22,"column":5}},{"start":{},"end":{}}],"line":17},"3":{"loc":{"start":{"line":19,"column":6},"end":{"line":21,"column":7}},"type":"if","locations":[{"start":{"line":19,"column":6},"end":{"line":21,"column":7}},{"start":{},"end":{}}],"line":19}},"s":{"0":2,"1":2,"2":23,"3":23,"4":4,"5":19,"6":19,"7":19,"8":19,"9":301,"10":301,"11":150,"12":150,"13":37,"14":301,"15":301,"16":19},"f":{"0":23},"b":{"0":[4,19],"1":[23,20],"2":[150,151],"3":[37,113]},"_coverageSchema":"1a1c01bbd47fc00a2c39e90264f33305004495a9","hash":"4ab4d16fcdf6203065988238d08dacf034c488cc"}
,"C:\\Users\\Натали\\Desktop\\нетлогия\\AHJ-TESTING\\src\\js\\paymentSystem.js": {"path":"C:\\Users\\Натали\\Desktop\\нетлогия\\AHJ-TESTING\\src\\js\\paymentSystem.js","statementMap":{"0":{"start":{"line":1,"column":31},"end":{"line":12,"column":1}},"1":{"start":{"line":15,"column":17},"end":{"line":15,"column":54}},"2":{"start":{"line":16,"column":17},"end":{"line":16,"column":72}},"3":{"start":{"line":16,"column":53},"end":{"line":16,"column":71}},"4":{"start":{"line":18,"column":2},"end":{"line":18,"column":42}}},"fnMap":{"0":{"name":"getPaymentSystem","decl":{"start":{"line":14,"column":16},"end":{"line":14,"column":32}},"loc":{"start":{"line":14,"column":45},"end":{"line":19,"column":1}},"line":14},"1":{"name":"(anonymous_1)","decl":{"start":{"line":16,"column":38},"end":{"line":16,"column":39}},"loc":{"start":{"line":16,"column":53},"end":{"line":16,"column":71}},"line":16}},"branchMap":{"0":{"loc":{"start":{"line":18,"column":9},"end":{"line":18,"column":41}},"type":"cond-expr","locations":[{"start":{"line":18,"column":18},"end":{"line":18,"column":29}},{"start":{"line":18,"column":32},"end":{"line":18,"column":41}}],"line":18}},"s":{"0":2,"1":19,"2":19,"3":83,"4":19},"f":{"0":19,"1":83},"b":{"0":[15,4]},"_coverageSchema":"1a1c01bbd47fc00a2c39e90264f33305004495a9","hash":"0ee4c244757d0539f05585da25bad2b123417e08"}
}
