TN:
SF:src\js\dom.js
FN:4,renderLogos
FN:5,(anonymous_1)
FN:20,highlightPaymentSystem
FN:21,(anonymous_3)
FN:27,renderResult
FN:45,initValidator
FN:50,(anonymous_6)
FNF:7
FNH:7
FNDA:7,renderLogos
FNDA:21,(anonymous_1)
FNDA:6,highlightPaymentSystem
FNDA:18,(anonymous_3)
FNDA:6,renderResult
FNDA:7,initValidator
FNDA:6,(anonymous_6)
DA:5,7
DA:6,21
DA:7,21
DA:8,21
DA:10,21
DA:11,21
DA:12,21
DA:13,21
DA:15,21
DA:16,21
DA:21,6
DA:22,18
DA:23,18
DA:28,6
DA:30,6
DA:31,1
DA:32,1
DA:33,1
DA:36,5
DA:37,5
DA:40,5
DA:48,7
DA:50,7
DA:51,6
DA:53,6
DA:54,6
DA:56,6
DA:57,6
LF:28
LH:28
BRDA:30,0,0,1
BRDA:30,0,1,5
BRDA:37,1,0,3
BRDA:37,1,1,2
BRDA:41,2,0,3
BRDA:41,2,1,2
BRF:6
BRH:6
end_of_record
TN:
SF:src\js\luhn.js
FN:4,isValidCardNumber
FNF:1
FNH:1
FNDA:23,isValidCardNumber
DA:1,2
DA:2,2
DA:5,23
DA:7,23
DA:8,4
DA:11,19
DA:12,19
DA:14,19
DA:15,301
DA:17,301
DA:18,150
DA:19,150
DA:20,37
DA:24,301
DA:25,301
DA:28,19
LF:16
LH:16
BRDA:7,0,0,4
BRDA:7,0,1,19
BRDA:7,1,0,23
BRDA:7,1,1,20
BRDA:17,2,0,150
BRDA:17,2,1,151
BRDA:19,3,0,37
BRDA:19,3,1,113
BRF:8
BRH:8
end_of_record
TN:
SF:src\js\paymentSystem.js
FN:14,getPaymentSystem
FN:16,(anonymous_1)
FNF:2
FNH:2
FNDA:19,getPaymentSystem
FNDA:83,(anonymous_1)
DA:1,2
DA:15,19
DA:16,83
DA:18,19
LF:4
LH:4
BRDA:18,0,0,15
BRDA:18,0,1,4
BRF:2
BRH:2
end_of_record
